  main.cpp
z:\table\table\main.cpp(212): warning C4018: '<': signed/unsigned mismatch
z:\table\table\main.cpp(217): warning C4018: '<': signed/unsigned mismatch
z:\table\table\main.cpp(222): warning C4018: '<': signed/unsigned mismatch
z:\table\table\main.cpp(227): warning C4018: '<': signed/unsigned mismatch
z:\table\table\main.cpp(232): warning C4018: '<': signed/unsigned mismatch
z:\table\table\tsorttable.h(75): warning C4018: '>': signed/unsigned mismatch
  z:\table\table\tsorttable.h(73): note: while compiling class template member function 'bool TSortTable<std::string,int>::Insert(TRecord<TKey,TValue>)'
          with
          [
              TKey=std::string,
              TValue=int
          ]
  z:\table\table\main.cpp(26): note: see reference to class template instantiation 'TSortTable<std::string,int>' being compiled
z:\table\table\tarrayhash.h(40): warning C4018: '<': signed/unsigned mismatch
  z:\table\table\tarrayhash.h(32): note: while compiling class template member function 'TArrayHash<std::string,int>::TArrayHash(int,int)'
  z:\table\table\main.cpp(27): note: see reference to function template instantiation 'TArrayHash<std::string,int>::TArrayHash(int,int)' being compiled
  z:\table\table\main.cpp(27): note: see reference to class template instantiation 'TArrayHash<std::string,int>' being compiled
z:\table\table\tarrayhash.h(58): warning C4018: '<': signed/unsigned mismatch
  z:\table\table\tarrayhash.h(54): note: while compiling class template member function 'bool TArrayHash<std::string,int>::Find(TKey)'
          with
          [
              TKey=std::string
          ]
  Table.vcxproj -> Z:\table\Table\Debug\Table.exe
  Table.vcxproj -> Z:\table\Table\Debug\Table.pdb (Full PDB)
